<?xml version="1.0" encoding="UTF-8"?>
<testng-results skipped="0" failed="0" total="1" passed="1">
  <reporter-output>
  </reporter-output>
  <suite name="Default suite" duration-ms="42" started-at="2017-11-03T06:15:29Z" finished-at="2017-11-03T06:15:29Z">
    <groups>
    </groups>
    <test name="Default test" duration-ms="42" started-at="2017-11-03T06:15:29Z" finished-at="2017-11-03T06:15:29Z">
      <class name="com.jl.attribution.testngclassTest">
        <test-method status="PASS" signature="testPrintMessage()[pri:0, instance:com.jl.attribution.testngclassTest@5dfcfece]" name="testPrintMessage" duration-ms="27" started-at="2017-11-03T14:15:29Z" finished-at="2017-11-03T14:15:29Z">
          <reporter-output>
          </reporter-output>
        </test-method> <!-- testPrintMessage -->
      </class> <!-- com.jl.attribution.testngclassTest -->
    </test> <!-- Default test -->
  </suite> <!-- Default suite -->
</testng-results>
