<?xml version="1.0" encoding="UTF-8"?>
<!-- Generated by org.testng.reporters.JUnitXMLReporter -->
<testsuite hostname="SHN1706FY3TQ32" name="final" tests="6" failures="0" timestamp="28 Aug 2018 08:56:22 GMT" time="0.057" errors="0">
  <testcase name="runSelenium" time="0.01" classname="NewTest.TestGroup"/>
  <testcase name="runSelenium1" time="0.001" classname="NewTest.TestGroup"/>
  <testcase name="testConnectMsSQL" time="0.002" classname="NewTest.TestGroup"/>
  <testcase name="testConnectOracle" time="0.002" classname="NewTest.TestGroup"/>
  <testcase name="runHelloWorld" time="0.001" classname="NewTest.Hello"/>
  <testcase name="runFinal" time="0.001" classname="NewTest.TestGroup"/>
</testsuite> <!-- final -->
