<?xml version="1.0" encoding="UTF-8"?>
<!-- Generated by org.testng.reporters.JUnitXMLReporter -->
<testsuite hostname="SHN1706FY3TQ32" name="getDataFormFile" tests="1" failures="0" timestamp="11 Sep 2018 13:25:20 GMT" time="0.168" errors="0">
  <testcase name="@BeforeTest getDataFormFile" time="0.0" classname="com.jl.crawl.main.NewTestMeta">
    <failure type="org.apache.poi.openxml4j.exceptions.OLE2NotOfficeXmlFileException" message="The supplied data appears to be in the OLE2 Format. You are calling the part of POI that deals with OOXML (Office Open XML) Documents. You need to call a different part of POI to process this data (eg HSSF instead of XSSF)">
      <![CDATA[org.apache.poi.openxml4j.exceptions.OLE2NotOfficeXmlFileException: The supplied data appears to be in the OLE2 Format. You are calling the part of POI that deals with OOXML (Office Open XML) Documents. You need to call a different part of POI to process this data (eg HSSF instead of XSSF)
	at org.apache.poi.openxml4j.opc.internal.ZipHelper.verifyZipHeader(ZipHelper.java:172)
	at org.apache.poi.openxml4j.opc.internal.ZipHelper.openZipStream(ZipHelper.java:229)
	at org.apache.poi.openxml4j.opc.ZipPackage.<init>(ZipPackage.java:97)
	at org.apache.poi.openxml4j.opc.OPCPackage.open(OPCPackage.java:342)
	at org.apache.poi.util.PackageHelper.open(PackageHelper.java:37)
	at org.apache.poi.xssf.usermodel.XSSFWorkbook.<init>(XSSFWorkbook.java:285)
	at com.jl.UTILS.ExcelData.getWorkBook(ExcelData.java:107)
	at com.jl.UTILS.ExcelData.getExcelData(ExcelData.java:37)
	at com.jl.crawl.main.NewTestMeta.getDataFormFile(NewTestMeta.java:23)
... Removed 23 stack frames]]>
    </failure>
  </testcase> <!-- @BeforeTest getDataFormFile -->
  <testcase name="testMeta" time="0.002" classname="com.jl.crawl.main.NewTestMeta">
    <skipped/>
  </testcase> <!-- testMeta -->
</testsuite> <!-- getDataFormFile -->
