<?xml version="1.0" encoding="UTF-8"?>
<!-- Generated by org.testng.reporters.JUnitXMLReporter -->
<testsuite hostname="SHN1706FY3TQ32" name="Default test" tests="5" failures="0" timestamp="28 Aug 2018 07:10:26 GMT" time="0.066" errors="0">
  <testcase name="runSelenium" time="0.011" classname="NewTest.TestGroup"/>
  <testcase name="runSelenium1" time="0.002" classname="NewTest.TestGroup"/>
  <testcase name="testConnectMsSQL" time="0.003" classname="NewTest.TestGroup"/>
  <testcase name="testConnectOracle" time="0.002" classname="NewTest.TestGroup"/>
  <testcase name="runFinal" time="0.002" classname="NewTest.TestGroup"/>
</testsuite> <!-- Default test -->
