<?xml version="1.0" encoding="UTF-8"?>
<testng-results skipped="0" failed="0" total="2" passed="2">
  <reporter-output>
  </reporter-output>
  <suite name="Suite" duration-ms="20" started-at="2018-03-14T03:25:06Z" finished-at="2018-03-14T03:25:06Z">
    <groups>
    </groups>
    <test name="Test1" duration-ms="20" started-at="2018-03-14T03:25:06Z" finished-at="2018-03-14T03:25:06Z">
      <class name="com.jl.mof.TestDBConnection">
        <test-method status="PASS" signature="runOtherTest1()[pri:0, instance:com.jl.mof.TestDBConnection@573f2bb1]" name="runOtherTest1" duration-ms="0" started-at="2018-03-14T11:25:06Z" finished-at="2018-03-14T11:25:06Z">
          <reporter-output>
          </reporter-output>
        </test-method> <!-- runOtherTest1 -->
        <test-method status="PASS" signature="runOtherTest2()[pri:0, instance:com.jl.mof.TestDBConnection@573f2bb1]" name="runOtherTest2" duration-ms="0" started-at="2018-03-14T11:25:06Z" finished-at="2018-03-14T11:25:06Z">
          <reporter-output>
          </reporter-output>
        </test-method> <!-- runOtherTest2 -->
      </class> <!-- com.jl.mof.TestDBConnection -->
      <class name="com.jl.mof.DBConfig">
        <test-method status="PASS" signature="beforeSuite()[pri:0, instance:com.jl.mof.DBConfig@3a82f6ef]" name="beforeSuite" is-config="true" duration-ms="10" started-at="2018-03-14T11:25:06Z" finished-at="2018-03-14T11:25:06Z">
          <reporter-output>
          </reporter-output>
        </test-method> <!-- beforeSuite -->
        <test-method status="PASS" signature="beforeTest()[pri:0, instance:com.jl.mof.DBConfig@3a82f6ef]" name="beforeTest" is-config="true" duration-ms="0" started-at="2018-03-14T11:25:06Z" finished-at="2018-03-14T11:25:06Z">
          <reporter-output>
          </reporter-output>
        </test-method> <!-- beforeTest -->
        <test-method status="PASS" signature="afterTest()[pri:0, instance:com.jl.mof.DBConfig@3a82f6ef]" name="afterTest" is-config="true" duration-ms="0" started-at="2018-03-14T11:25:06Z" finished-at="2018-03-14T11:25:06Z">
          <reporter-output>
          </reporter-output>
        </test-method> <!-- afterTest -->
        <test-method status="PASS" signature="afterSuite()[pri:0, instance:com.jl.mof.DBConfig@3a82f6ef]" name="afterSuite" is-config="true" duration-ms="0" started-at="2018-03-14T11:25:06Z" finished-at="2018-03-14T11:25:06Z">
          <reporter-output>
          </reporter-output>
        </test-method> <!-- afterSuite -->
      </class> <!-- com.jl.mof.DBConfig -->
    </test> <!-- Test1 -->
  </suite> <!-- Suite -->
</testng-results>
